<?xml version="1.0" encoding="UTF-8"?>
<testng-results skipped="0" failed="0" ignored="0" total="1" passed="1">
  <reporter-output>
  </reporter-output>
  <suite name="Default suite" duration-ms="48087" started-at="2020-11-30T12:23:51 IST" finished-at="2020-11-30T12:24:39 IST">
    <groups>
      <group name="cucumber">
        <method signature="AbstractTestNGCucumberTests.runScenario(io.cucumber.testng.PickleWrapper, io.cucumber.testng.FeatureWrapper)[pri:0, instance:scenarioExecution.TestRunner@54c562f7]" name="runScenario" class="io.cucumber.testng.AbstractTestNGCucumberTests"/>
      </group> <!-- cucumber -->
    </groups>
    <test name="Default test" duration-ms="48087" started-at="2020-11-30T12:23:51 IST" finished-at="2020-11-30T12:24:39 IST">
      <class name="scenarioExecution.TestRunner">
        <test-method status="PASS" signature="setUpClass()[pri:0, instance:scenarioExecution.TestRunner@54c562f7]" name="setUpClass" is-config="true" duration-ms="1667" started-at="2020-11-30T12:23:51 IST" finished-at="2020-11-30T12:23:53 IST">
          <reporter-output>
          </reporter-output>
        </test-method> <!-- setUpClass -->
        <test-method status="PASS" signature="runScenario(io.cucumber.testng.PickleWrapper, io.cucumber.testng.FeatureWrapper)[pri:0, instance:scenarioExecution.TestRunner@54c562f7]" name="runScenario" duration-ms="46199" started-at="2020-11-30T12:23:53 IST" description="Runs Cucumber Scenarios" data-provider="scenarios" finished-at="2020-11-30T12:24:39 IST">
          <params>
            <param index="0">
              <value>
                <![CDATA["Validate sucessful Login with valid data"]]>
              </value>
            </param>
            <param index="1">
              <value>
                <![CDATA["Optional[Validating Login screen]"]]>
              </value>
            </param>
          </params>
          <reporter-output>
          </reporter-output>
        </test-method> <!-- runScenario -->
        <test-method status="PASS" signature="tearDownClass()[pri:0, instance:scenarioExecution.TestRunner@54c562f7]" name="tearDownClass" is-config="true" duration-ms="23" started-at="2020-11-30T12:24:39 IST" finished-at="2020-11-30T12:24:39 IST">
          <reporter-output>
          </reporter-output>
        </test-method> <!-- tearDownClass -->
      </class> <!-- scenarioExecution.TestRunner -->
    </test> <!-- Default test -->
  </suite> <!-- Default suite -->
</testng-results>
